<?xml version="1.0" encoding="UTF-8"?>
<!-- Generated by org.testng.reporters.JUnitXMLReporter -->
<testsuite ignored="1" hostname="Aishwarya" failures="0" tests="1" name="Default test" time="8.862" errors="0" timestamp="15 Aug 2024 01:20:52 GMT">
  <testcase classname="com.bd.qa.testcases.PurchasePageTest" name="validatebuttonPurchaseFlightTest" time="2.969"/>
  <testcase classname="com.bd.qa.testcases.PurchasePageTest" name="validatePurchasePageHeaderTest" time="0.0">
    <ignored/>
  </testcase> <!-- validatePurchasePageHeaderTest -->
</testsuite> <!-- Default test -->
