<?xml version="1.0" encoding="UTF-8"?>
<testng-results ignored="1" total="2" passed="1" failed="0" skipped="0">
  <reporter-output>
  </reporter-output>
  <suite started-at="2024-08-15T01:20:43Z" name="Default suite" finished-at="2024-08-15T01:20:52Z" duration-ms="8862">
    <groups>
    </groups>
    <test started-at="2024-08-15T01:20:43Z" name="Default test" finished-at="2024-08-15T01:20:52Z" duration-ms="8862">
      <class name="com.bd.qa.testcases.PurchasePageTest">
        <test-method is-config="true" signature="setUp()[pri:0, instance:com.bd.qa.testcases.PurchasePageTest@36060e]" started-at="2024-08-15T06:50:43Z" name="setUp" finished-at="2024-08-15T06:50:48Z" duration-ms="5607" status="PASS">
          <reporter-output>
          </reporter-output>
        </test-method> <!-- setUp -->
        <test-method signature="validatebuttonPurchaseFlightTest()[pri:2, instance:com.bd.qa.testcases.PurchasePageTest@36060e]" started-at="2024-08-15T06:50:48Z" name="validatebuttonPurchaseFlightTest" finished-at="2024-08-15T06:50:51Z" duration-ms="2969" status="PASS">
          <reporter-output>
          </reporter-output>
        </test-method> <!-- validatebuttonPurchaseFlightTest -->
        <test-method is-config="true" signature="tearDown()[pri:0, instance:com.bd.qa.testcases.PurchasePageTest@36060e]" started-at="2024-08-15T06:50:51Z" name="tearDown" finished-at="2024-08-15T06:50:52Z" duration-ms="268" status="PASS">
          <reporter-output>
          </reporter-output>
        </test-method> <!-- tearDown -->
      </class> <!-- com.bd.qa.testcases.PurchasePageTest -->
    </test> <!-- Default test -->
  </suite> <!-- Default suite -->
</testng-results>
