<?xml version="1.0" encoding="UTF-8"?>
<!-- Generated by org.testng.reporters.JUnitXMLReporter -->
<testsuite ignored="0" hostname="Aishwarya" failures="0" tests="10" name="Blaze Demo  App Test Cases" time="75.006" errors="0" timestamp="14 Aug 2024 23:22:56 GMT">
  <testcase classname="com.bd.qa.testcases.WelcomePageTest" name="validateWelcomePageHeaderTest" time="0.035"/>
  <testcase classname="com.bd.qa.testcases.ReservePageTest" name="validateReservePageHeaderTest" time="0.049"/>
  <testcase classname="com.bd.qa.testcases.PurchasePageTest" name="validatePurchasePageHeaderTest" time="0.035"/>
  <testcase classname="com.bd.qa.testcases.ConfirmationPageTest" name="validateConfirmationPageHeaderTest" time="0.023"/>
  <testcase classname="com.bd.qa.testcases.WelcomePageTest" name="validateDepartureCityTest" time="0.201"/>
  <testcase classname="com.bd.qa.testcases.ReservePageTest" name="validatebuttonFindFlightsTest" time="3.892"/>
  <testcase classname="com.bd.qa.testcases.PurchasePageTest" name="validatebuttonPurchaseFlightTest" time="1.828"/>
  <testcase classname="com.bd.qa.testcases.ConfirmationPageTest" name="validateStatusTest" time="0.043"/>
  <testcase classname="com.bd.qa.testcases.WelcomePageTest" name="validateDestinationCityTest" time="0.231"/>
  <testcase classname="com.bd.qa.testcases.WelcomePageTest" name="validatebuttonFindFlightsTest" time="0.963"/>
</testsuite> <!-- Blaze Demo  App Test Cases -->
